[debug] [2024-03-20T03:00:39.661Z] ----------------------------------------------------------------------
[debug] [2024-03-20T03:00:39.665Z] Command:       C:\Program Files\nodejs\node.exe C:\Users\A307103\AppData\Roaming\npm\node_modules\firebase-tools\lib\bin\firebase.js init
[debug] [2024-03-20T03:00:39.665Z] CLI Version:   13.5.2
[debug] [2024-03-20T03:00:39.665Z] Platform:      win32
[debug] [2024-03-20T03:00:39.665Z] Node Version:  v20.11.1
[debug] [2024-03-20T03:00:39.666Z] Time:          Wed Mar 20 2024 00:00:39 GMT-0300 (hora estándar de Argentina)
[debug] [2024-03-20T03:00:39.666Z] ----------------------------------------------------------------------
[debug] 
[debug] [2024-03-20T03:00:39.673Z] > command requires scopes: ["email","openid","https://www.googleapis.com/auth/cloudplatformprojects.readonly","https://www.googleapis.com/auth/firebase","https://www.googleapis.com/auth/cloud-platform"]
[debug] [2024-03-20T03:00:39.673Z] > authorizing via signed-in user (carlosfurnari@gmail.com)
[info] 
     ######## #### ########  ######## ########     ###     ######  ########
     ##        ##  ##     ## ##       ##     ##  ##   ##  ##       ##
     ######    ##  ########  ######   ########  #########  ######  ######
     ##        ##  ##    ##  ##       ##     ## ##     ##       ## ##
     ##       #### ##     ## ######## ########  ##     ##  ######  ########

You're about to initialize a Firebase project in this directory:

  C:\Users\A307103\React\hello-world

[info] 
=== Project Setup
[info] 
[info] First, let's associate this project directory with a Firebase project.
[info] You can create multiple project aliases by running firebase use --add, 
[info] but for now we'll just set up a default project.
[info] 
[debug] [2024-03-20T03:01:35.008Z] >>> [apiv2][query] GET https://firebase.googleapis.com/v1beta1/projects pageSize=100
[debug] [2024-03-20T03:01:35.799Z] <<< [apiv2][status] GET https://firebase.googleapis.com/v1beta1/projects 200
[debug] [2024-03-20T03:01:35.799Z] <<< [apiv2][body] GET https://firebase.googleapis.com/v1beta1/projects [omitted]
[info] i  Using project dinosweb-2a981 (DinosWeb) 
[info] 
=== Hosting Setup
[debug] [2024-03-20T03:01:38.223Z] >>> [apiv2][query] GET https://firebase.googleapis.com/v1beta1/projects/dinosweb-2a981 [none]
[debug] [2024-03-20T03:01:38.534Z] <<< [apiv2][status] GET https://firebase.googleapis.com/v1beta1/projects/dinosweb-2a981 200
[debug] [2024-03-20T03:01:38.535Z] <<< [apiv2][body] GET https://firebase.googleapis.com/v1beta1/projects/dinosweb-2a981 {"projectId":"dinosweb-2a981","projectNumber":"318312662521","displayName":"DinosWeb","name":"projects/dinosweb-2a981","resources":{"hostingSite":"dinosweb-2a981"},"state":"ACTIVE","etag":"1_0fa0ec6a-c7a9-4d77-bbef-48d80be089c4"}
[info] 
[info] Your public directory is the folder (relative to your project directory) that
[info] will contain Hosting assets to be uploaded with firebase deploy. If you
[info] have a build process for your assets, use your build's output directory.
[info] 
[debug] [2024-03-20T03:02:40.252Z] >>> [apiv2][query] GET https://www.gstatic.com/firebasejs/releases.json [none]
[debug] [2024-03-20T03:02:40.371Z] <<< [apiv2][status] GET https://www.gstatic.com/firebasejs/releases.json 200
[debug] [2024-03-20T03:02:40.372Z] <<< [apiv2][body] GET https://www.gstatic.com/firebasejs/releases.json {"current":{"version":"10.9.0","browserURL":"https://www.gstatic.com/firebasejs/10.9.0/firebase.js","packageURL":"https://www.gstatic.com/firebasejs/10.9.0/firebase.tgz"},"live":{"version":"10.9","browserURL":"https://www.gstatic.com/firebasejs/live/10.9/firebase.js","packageURL":"https://www.gstatic.com/firebasejs/live/10.9/firebase.tgz"},"components":{"analytics":"https://www.gstatic.com/firebasejs/10.9.0/firebase-analytics.js","app":"https://www.gstatic.com/firebasejs/10.9.0/firebase-app.js","app-check":"https://www.gstatic.com/firebasejs/10.9.0/firebase-app-check.js","auth":"https://www.gstatic.com/firebasejs/10.9.0/firebase-auth.js","auth/cordova":"https://www.gstatic.com/firebasejs/10.9.0/firebase-auth/cordova.js","auth/web-extension":"https://www.gstatic.com/firebasejs/10.9.0/firebase-auth/web-extension.js","functions":"https://www.gstatic.com/firebasejs/10.9.0/firebase-functions.js","firestore":"https://www.gstatic.com/firebasejs/10.9.0/firebase-firestore.js","firestore/lite":"https://www.gstatic.com/firebasejs/10.9.0/firebase-firestore/lite.js","installations":"https://www.gstatic.com/firebasejs/10.9.0/firebase-installations.js","storage":"https://www.gstatic.com/firebasejs/10.9.0/firebase-storage.js","performance":"https://www.gstatic.com/firebasejs/10.9.0/firebase-performance.js","remote-config":"https://www.gstatic.com/firebasejs/10.9.0/firebase-remote-config.js","messaging":"https://www.gstatic.com/firebasejs/10.9.0/firebase-messaging.js","messaging/sw":"https://www.gstatic.com/firebasejs/10.9.0/firebase-messaging/sw.js","database":"https://www.gstatic.com/firebasejs/10.9.0/firebase-database.js","firestore.memory":"https://www.gstatic.com/firebasejs/10.9.0/firebase-firestore.memory.js"}}
[info] i  Skipping write of build/index.html 
[info] 
[info] i  Detected a .git folder at C:\Users\A307103\React\hello-world 
[info] i  Authorizing with GitHub to upload your service account to a GitHub repository's secrets store. 
[info] 
[info] Visit this URL on this device to log in:
[info] https://github.com/login/oauth/authorize?client_id=89cf50f02ac6aaed3484&state=786144469&redirect_uri=http%3A%2F%2Flocalhost%3A9005&scope=read%3Auser%20repo%20public_repo
[info] 
[info] Waiting for authentication...
[debug] [2024-03-20T03:04:09.321Z] >>> [apiv2][query] POST https://github.com/login/oauth/access_token [none]
[debug] [2024-03-20T03:04:09.321Z] >>> [apiv2][body] POST https://github.com/login/oauth/access_token [stream]
[debug] [2024-03-20T03:04:09.690Z] <<< [apiv2][status] POST https://github.com/login/oauth/access_token 200
[debug] [2024-03-20T03:04:09.690Z] <<< [apiv2][body] POST https://github.com/login/oauth/access_token {"access_token":"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","token_type":"bearer","scope":"read:user,repo"}
[debug] [2024-03-20T03:04:09.696Z] >>> [apiv2][query] GET https://api.github.com/user [none]
[debug] [2024-03-20T03:04:10.063Z] <<< [apiv2][status] GET https://api.github.com/user 200
[debug] [2024-03-20T03:04:10.064Z] <<< [apiv2][body] GET https://api.github.com/user {"login":"furnaricarlos","id":114534577,"node_id":"U_kgDOBtOosQ","avatar_url":"https://avatars.githubusercontent.com/u/114534577?v=4","gravatar_id":"","url":"https://api.github.com/users/furnaricarlos","html_url":"https://github.com/furnaricarlos","followers_url":"https://api.github.com/users/furnaricarlos/followers","following_url":"https://api.github.com/users/furnaricarlos/following{/other_user}","gists_url":"https://api.github.com/users/furnaricarlos/gists{/gist_id}","starred_url":"https://api.github.com/users/furnaricarlos/starred{/owner}{/repo}","subscriptions_url":"https://api.github.com/users/furnaricarlos/subscriptions","organizations_url":"https://api.github.com/users/furnaricarlos/orgs","repos_url":"https://api.github.com/users/furnaricarlos/repos","events_url":"https://api.github.com/users/furnaricarlos/events{/privacy}","received_events_url":"https://api.github.com/users/furnaricarlos/received_events","type":"User","site_admin":false,"name":null,"company":null,"blog":"","location":null,"email":null,"hireable":null,"bio":null,"twitter_username":null,"public_repos":1,"public_gists":0,"followers":0,"following":0,"created_at":"2022-09-27T21:57:00Z","updated_at":"2022-09-27T21:57:00Z","private_gists":0,"total_private_repos":0,"owned_private_repos":0,"disk_usage":0,"collaborators":0,"two_factor_authentication":false,"plan":{"name":"free","space":976562499,"collaborators":0,"private_repos":10000}}
[info] 
[info] +  Success! Logged into GitHub as furnaricarlos 
[info] 
